<?xml version="1.0" encoding="UTF-8"?>
<testsuite xmlns:xsi="http://www.w3.org/2001/XMLSchema-instance" xsi:noNamespaceSchemaLocation="https://maven.apache.org/surefire/maven-surefire-plugin/xsd/surefire-test-report.xsd" version="3.0.2" name="sakhno.springframework.msscbeerservice.MsscBeerServiceApplicationTests" time="4.521" tests="1" errors="0" skipped="0" failures="0">
  <properties>
[...]
</properties>
  <testcase name="contextLoads" classname="sakhno.springframework.msscbeerservice.MsscBeerServiceApplicationTests" time="0.315">
    <system-out><![CDATA[14:21:19.419 [main] INFO org.springframework.test.context.support.AnnotationConfigContextLoaderUtils -- Could not detect default configuration classes for test class [sakhno.springframework.msscbeerservice.MsscBeerServiceApplicationTests]: MsscBeerServiceApplicationTests does not declare any static, non-private, non-final, nested classes annotated with @Configuration.
14:21:19.493 [main] INFO org.springframework.boot.test.context.SpringBootTestContextBootstrapper -- Found @SpringBootConfiguration sakhno.springframework.msscbeerservice.MsscBeerServiceApplication for test class sakhno.springframework.msscbeerservice.MsscBeerServiceApplicationTests
14:21:19.602 [main] INFO org.springframework.boot.devtools.restart.RestartApplicationListener -- Restart disabled due to context in which it is running

  .   ____          _            __ _ _
 /\\ / ___'_ __ _ _(_)_ __  __ _ \ \ \ \
( ( )\___ | '_ | '_| | '_ \/ _` | \ \ \ \
 \\/  ___)| |_)| | | | | || (_| |  ) ) ) )
  '  |____| .__|_| |_|_| |_\__, | / / / /
 =========|_|==============|___/=/_/_/_/

 :: Spring Boot ::                (v3.4.2)

2025-03-04T14:21:19.771+06:00  INFO 12716 --- [           main] s.s.m.MsscBeerServiceApplicationTests    : Starting MsscBeerServiceApplicationTests using Java 19.0.2 with PID 12716 (started by isakhno in C:\Users\isakhno\beer\mssc-beer-service)
2025-03-04T14:21:19.772+06:00  INFO 12716 --- [           main] s.s.m.MsscBeerServiceApplicationTests    : No active profile set, falling back to 1 default profile: "default"
2025-03-04T14:21:20.470+06:00  INFO 12716 --- [           main] .s.d.r.c.RepositoryConfigurationDelegate : Bootstrapping Spring Data JPA repositories in DEFAULT mode.
2025-03-04T14:21:20.518+06:00  INFO 12716 --- [           main] .s.d.r.c.RepositoryConfigurationDelegate : Finished Spring Data repository scanning in 40 ms. Found 1 JPA repository interface.
2025-03-04T14:21:20.962+06:00  INFO 12716 --- [           main] com.zaxxer.hikari.HikariDataSource       : HikariPool-1 - Starting...
2025-03-04T14:21:21.108+06:00  INFO 12716 --- [           main] com.zaxxer.hikari.pool.HikariPool        : HikariPool-1 - Added connection conn0: url=jdbc:h2:mem:testdb user=SA
2025-03-04T14:21:21.110+06:00  INFO 12716 --- [           main] com.zaxxer.hikari.HikariDataSource       : HikariPool-1 - Start completed.
2025-03-04T14:21:21.170+06:00  INFO 12716 --- [           main] o.hibernate.jpa.internal.util.LogHelper  : HHH000204: Processing PersistenceUnitInfo [name: default]
2025-03-04T14:21:21.213+06:00  INFO 12716 --- [           main] org.hibernate.Version                    : HHH000412: Hibernate ORM core version 6.6.5.Final
2025-03-04T14:21:21.238+06:00  INFO 12716 --- [           main] o.h.c.internal.RegionFactoryInitiator    : HHH000026: Second-level cache disabled
2025-03-04T14:21:21.464+06:00  INFO 12716 --- [           main] o.s.o.j.p.SpringPersistenceUnitInfo      : No LoadTimeWeaver setup: ignoring JPA class transformer
2025-03-04T14:21:21.521+06:00  INFO 12716 --- [           main] org.hibernate.orm.connections.pooling    : HHH10001005: Database info:
	Database JDBC URL [Connecting through datasource 'HikariDataSource (HikariPool-1)']
	Database driver: undefined/unknown
	Database version: 2.3.232
	Autocommit mode: undefined/unknown
	Isolation level: undefined/unknown
	Minimum pool size: undefined/unknown
	Maximum pool size: undefined/unknown
2025-03-04T14:21:22.055+06:00  INFO 12716 --- [           main] o.h.e.t.j.p.i.JtaPlatformInitiator       : HHH000489: No JTA platform available (set 'hibernate.transaction.jta.platform' to enable JTA platform integration)
2025-03-04T14:21:22.076+06:00  INFO 12716 --- [           main] j.LocalContainerEntityManagerFactoryBean : Initialized JPA EntityManagerFactory for persistence unit 'default'
2025-03-04T14:21:22.551+06:00  WARN 12716 --- [           main] JpaBaseConfiguration$JpaWebConfiguration : spring.jpa.open-in-view is enabled by default. Therefore, database queries may be performed during view rendering. Explicitly configure spring.jpa.open-in-view to disable this warning
2025-03-04T14:21:23.078+06:00  INFO 12716 --- [           main] o.s.b.a.h2.H2ConsoleAutoConfiguration    : H2 console available at '/h2-console'. Database available at 'jdbc:h2:mem:testdb'
2025-03-04T14:21:23.108+06:00  INFO 12716 --- [           main] o.s.b.a.e.web.EndpointLinksResolver      : Exposing 1 endpoint beneath base path '/actuator'
2025-03-04T14:21:23.169+06:00  INFO 12716 --- [           main] s.s.m.MsscBeerServiceApplicationTests    : Started MsscBeerServiceApplicationTests in 3.574 seconds (process running for 4.44)
]]></system-out>
  </testcase>
</testsuite>